<?xml version="1.0" encoding="UTF-8"?>
<testng-results total="1" passed="1" failed="0" skipped="0">
  <reporter-output>
  </reporter-output>
  <suite started-at="2019-12-29T10:13:04Z" name="Surefire suite" finished-at="2019-12-29T10:13:34Z" duration-ms="30129">
    <groups>
      <group name="cucumber">
        <method signature="AbstractTestNGCucumberTests.runScenario(io.cucumber.testng.PickleWrapper, io.cucumber.testng.FeatureWrapper)[pri:0, instance:MyFirstSeleniumProject.MyFirstSeleniumProject.Tests.RunCucumberTest@12cdcf4]" name="runScenario" class="io.cucumber.testng.AbstractTestNGCucumberTests"/>
      </group> <!-- cucumber -->
    </groups>
    <test started-at="2019-12-29T10:13:04Z" name="Surefire test" finished-at="2019-12-29T10:13:34Z" duration-ms="30129">
      <class name="MyFirstSeleniumProject.MyFirstSeleniumProject.Tests.RunCucumberTest">
        <test-method is-config="true" signature="setUpClass()[pri:0, instance:MyFirstSeleniumProject.MyFirstSeleniumProject.Tests.RunCucumberTest@12cdcf4]" started-at="2019-12-29T12:13:34Z" name="setUpClass" finished-at="2019-12-29T12:13:34Z" duration-ms="314" status="PASS">
          <reporter-output>
          </reporter-output>
        </test-method> <!-- setUpClass -->
        <test-method is-config="true" signature="tearDownClass()[pri:0, instance:MyFirstSeleniumProject.MyFirstSeleniumProject.Tests.RunCucumberTest@12cdcf4]" started-at="2019-12-29T12:13:34Z" name="tearDownClass" finished-at="2019-12-29T12:13:34Z" duration-ms="14" status="PASS">
          <reporter-output>
          </reporter-output>
        </test-method> <!-- tearDownClass -->
      </class> <!-- MyFirstSeleniumProject.MyFirstSeleniumProject.Tests.RunCucumberTest -->
      <class name="MyFirstSeleniumProject.MyFirstSeleniumProject.Tests.AppTest">
        <test-method is-config="true" signature="beforeClass()[pri:0, instance:MyFirstSeleniumProject.MyFirstSeleniumProject.Tests.AppTest@25af5db5]" started-at="2019-12-29T12:13:04Z" name="beforeClass" finished-at="2019-12-29T12:13:17Z" duration-ms="12903" status="PASS">
          <reporter-output>
          </reporter-output>
        </test-method> <!-- beforeClass -->
        <test-method signature="ElementsPresence()[pri:0, instance:MyFirstSeleniumProject.MyFirstSeleniumProject.Tests.AppTest@25af5db5]" started-at="2019-12-29T12:13:17Z" name="ElementsPresence" finished-at="2019-12-29T12:13:32Z" duration-ms="14792" status="PASS">
          <reporter-output>
          </reporter-output>
        </test-method> <!-- ElementsPresence -->
        <test-method is-config="true" signature="afterClass()[pri:0, instance:MyFirstSeleniumProject.MyFirstSeleniumProject.Tests.AppTest@25af5db5]" started-at="2019-12-29T12:13:32Z" name="afterClass" finished-at="2019-12-29T12:13:34Z" duration-ms="1981" status="PASS">
          <reporter-output>
          </reporter-output>
        </test-method> <!-- afterClass -->
      </class> <!-- MyFirstSeleniumProject.MyFirstSeleniumProject.Tests.AppTest -->
    </test> <!-- Surefire test -->
  </suite> <!-- Surefire suite -->
</testng-results>
